Using pre-set license
Built from '2020.3/staging' branch; Version is '2020.3.28f1 (f5400f52e03f) revision 16072719'; Using compiler version '192528614'; Build Type 'Release'
OS: 'Windows 10  (10.0.19044) 64bit Core' Language: 'ko' Physical Memory: 8055 MB
BatchMode: 1, IsHumanControllingUs: 0, StartBugReporterOnCrash: 0, Is64bit: 1, IsPro: 0

COMMAND LINE ARGUMENTS:
C:\Program Files\Unity\Hub\Editor\2020.3.28f1\Editor\Unity.exe
-adb2
-batchMode
-noUpm
-name
AssetImportWorker0
-projectPath
D:/Unity Project/MLtest
-logFile
Logs/AssetImportWorker0.log
-srvPort
64914
Successfully changed project path to: D:/Unity Project/MLtest
D:/Unity Project/MLtest
Using Asset Import Pipeline V2.
Refreshing native plugins compatible for Editor in 243.41 ms, found 3 plugins.
Preloading 0 native plugins for Editor in 0.00 ms.
Initialize engine version: 2020.3.28f1 (f5400f52e03f)
[Subsystems] Discovering subsystems at path C:/Program Files/Unity/Hub/Editor/2020.3.28f1/Editor/Data/Resources/UnitySubsystems
[Subsystems] Discovering subsystems at path D:/Unity Project/MLtest/Assets
GfxDevice: creating device client; threaded=0
Direct3D:
    Version:  Direct3D 11.0 [level 11.0]
    Renderer: NVIDIA GeForce 940M (ID=0x1347)
    Vendor:   
    VRAM:     2019 MB
    Driver:   21.21.13.6909
Initialize mono
Mono path[0] = 'C:/Program Files/Unity/Hub/Editor/2020.3.28f1/Editor/Data/Managed'
Mono path[1] = 'C:/Program Files/Unity/Hub/Editor/2020.3.28f1/Editor/Data/MonoBleedingEdge/lib/mono/unityjit'
Mono config path = 'C:/Program Files/Unity/Hub/Editor/2020.3.28f1/Editor/Data/MonoBleedingEdge/etc'
Using monoOptions --debugger-agent=transport=dt_socket,embedding=1,server=y,suspend=n,address=127.0.0.1:56796
Begin MonoManager ReloadAssembly
Registering precompiled unity dll's ...
Register platform support module: C:/Program Files/Unity/Hub/Editor/2020.3.28f1/Editor/Data/PlaybackEngines/WindowsStandaloneSupport/UnityEditor.WindowsStandalone.Extensions.dll
Registered in 0.008168 seconds.
Native extension for WindowsStandalone target not found
Refreshing native plugins compatible for Editor in 283.75 ms, found 3 plugins.
Preloading 0 native plugins for Editor in 0.00 ms.
Mono: successfully reloaded assembly
- Completed reload, in  2.225 seconds
Domain Reload Profiling:
	ReloadAssembly (2226ms)
		BeginReloadAssembly (188ms)
			ExecutionOrderSort (0ms)
			DisableScriptedObjects (0ms)
			BackupInstance (0ms)
			ReleaseScriptingObjects (0ms)
			CreateAndSetChildDomain (2ms)
		EndReloadAssembly (1892ms)
			LoadAssemblies (181ms)
			RebuildTransferFunctionScriptingTraits (0ms)
			SetupTypeCache (667ms)
			ReleaseScriptCaches (0ms)
			RebuildScriptCaches (116ms)
			SetupLoadedEditorAssemblies (801ms)
				LogAssemblyErrors (0ms)
				InitializePlatformSupportModulesInManaged (19ms)
				SetLoadedEditorAssemblies (1ms)
				RefreshPlugins (284ms)
				BeforeProcessingInitializeOnLoad (34ms)
				ProcessInitializeOnLoadAttributes (362ms)
				ProcessInitializeOnLoadMethodAttributes (101ms)
				AfterProcessingInitializeOnLoad (0ms)
				EditorAssembliesLoaded (1ms)
			ExecutionOrderSort2 (0ms)
			AwakeInstancesAfterBackupRestoration (0ms)
Platform modules already initialized, skipping
Registering precompiled user dll's ...
Registered in 0.016389 seconds.
Begin MonoManager ReloadAssembly
Native extension for WindowsStandalone target not found
Refreshing native plugins compatible for Editor in 196.20 ms, found 3 plugins.
Preloading 0 native plugins for Editor in 0.00 ms.
Mono: successfully reloaded assembly
- Completed reload, in  5.842 seconds
Domain Reload Profiling:
	ReloadAssembly (5848ms)
		BeginReloadAssembly (516ms)
			ExecutionOrderSort (0ms)
			DisableScriptedObjects (19ms)
			BackupInstance (0ms)
			ReleaseScriptingObjects (0ms)
			CreateAndSetChildDomain (38ms)
		EndReloadAssembly (5199ms)
			LoadAssemblies (277ms)
			RebuildTransferFunctionScriptingTraits (0ms)
			SetupTypeCache (781ms)
			ReleaseScriptCaches (1ms)
			RebuildScriptCaches (102ms)
			SetupLoadedEditorAssemblies (3804ms)
				LogAssemblyErrors (0ms)
				InitializePlatformSupportModulesInManaged (8ms)
				SetLoadedEditorAssemblies (0ms)
				RefreshPlugins (197ms)
				BeforeProcessingInitializeOnLoad (222ms)
				ProcessInitializeOnLoadAttributes (3258ms)
				ProcessInitializeOnLoadMethodAttributes (36ms)
				AfterProcessingInitializeOnLoad (83ms)
				EditorAssembliesLoaded (1ms)
			ExecutionOrderSort2 (0ms)
			AwakeInstancesAfterBackupRestoration (17ms)
Platform modules already initialized, skipping
========================================================================
Worker process is ready to serve import requests
Launched and connected shader compiler UnityShaderCompiler.exe after 0.20 seconds
Refreshing native plugins compatible for Editor in 0.77 ms, found 3 plugins.
Preloading 0 native plugins for Editor in 0.00 ms.
Unloading 2529 Unused Serialized files (Serialized files now loaded: 0)
System memory in use before: 112.1 MB.
System memory in use after: 112.3 MB.

Unloading 37 unused Assets to reduce memory usage. Loaded Objects now: 2952.
Total: 6.203300 ms (FindLiveObjects: 0.379700 ms CreateObjectMapping: 0.387800 ms MarkObjects: 5.244900 ms  DeleteObjects: 0.189100 ms)

AssetImportParameters requested are different than current active one (requested -> active):
  custom:framework-win-MediaFoundation: 216162199b28c13a410421893ffa2e32 -> 
  custom:video-decoder-ogg-theora: a1e56fd34408186e4bbccfd4996cb3dc -> 
  custom:container-muxer-webm: aa71ff27fc2769a1b78a27578f13a17b -> 
  custom:container-demuxer-webm: 4f35f7cbe854078d1ac9338744f61a02 -> 
  custom:container-demuxer-ogg: 62fdf1f143b41e24485cea50d1cbac27 -> 
  custom:video-encoder-webm-vp8: eb34c28f22e8b96e1ab97ce403110664 -> 
  custom:video-codec-MediaFoundation-h265: 746d11721c4dcdbdad8f713fa42b33f4 -> 
  custom:video-decoder-webm-vp8: 9c59270c3fd7afecdb556c50c9e8de78 -> 
  custom:audio-decoder-ogg-vorbis: bf7c407c2cedff20999df2af8eb42d56 -> 
  custom:audio-encoder-webm-vorbis: bf7c407c2cedff20999df2af8eb42d56 -> 
========================================================================
Received Import Request.
  path: Assets/ML-Agents/Examples/PushBlock/Scenes/PushBlock.unity
  artifactKey: Guid(ae8cc75939e3e4d07a79c8c6a08b54f4) Importer(815301076,1909f56bfc062723c751e8b465ee728b)
Start importing Assets/ML-Agents/Examples/PushBlock/Scenes/PushBlock.unity using Guid(ae8cc75939e3e4d07a79c8c6a08b54f4) Importer(815301076,1909f56bfc062723c751e8b465ee728b)  -> (artifact id: 'd64b6eb938db573e2dc012467f5650d3') in 0.032195 seconds 
  Import took 0.068415 seconds .

========================================================================
Received Prepare
Registering precompiled user dll's ...
Registered in 0.035687 seconds.
Begin MonoManager ReloadAssembly
Native extension for WindowsStandalone target not found
Refreshing native plugins compatible for Editor in 1.20 ms, found 3 plugins.
Preloading 0 native plugins for Editor in 0.00 ms.
Mono: successfully reloaded assembly
- Completed reload, in  4.238 seconds
Domain Reload Profiling:
	ReloadAssembly (4240ms)
		BeginReloadAssembly (450ms)
			ExecutionOrderSort (0ms)
			DisableScriptedObjects (16ms)
			BackupInstance (0ms)
			ReleaseScriptingObjects (0ms)
			CreateAndSetChildDomain (98ms)
		EndReloadAssembly (3662ms)
			LoadAssemblies (376ms)
			RebuildTransferFunctionScriptingTraits (0ms)
			SetupTypeCache (1258ms)
			ReleaseScriptCaches (3ms)
			RebuildScriptCaches (130ms)
			SetupLoadedEditorAssemblies (1167ms)
				LogAssemblyErrors (0ms)
				InitializePlatformSupportModulesInManaged (8ms)
				SetLoadedEditorAssemblies (1ms)
				RefreshPlugins (1ms)
				BeforeProcessingInitializeOnLoad (224ms)
				ProcessInitializeOnLoadAttributes (860ms)
				ProcessInitializeOnLoadMethodAttributes (28ms)
				AfterProcessingInitializeOnLoad (44ms)
				EditorAssembliesLoaded (0ms)
			ExecutionOrderSort2 (0ms)
			AwakeInstancesAfterBackupRestoration (19ms)
Platform modules already initialized, skipping
Refreshing native plugins compatible for Editor in 1.46 ms, found 3 plugins.
Preloading 0 native plugins for Editor in 0.00 ms.
Unloading 2520 Unused Serialized files (Serialized files now loaded: 0)
System memory in use before: 111.9 MB.
System memory in use after: 112.1 MB.

Unloading 29 unused Assets to reduce memory usage. Loaded Objects now: 2955.
Total: 6.251800 ms (FindLiveObjects: 0.373700 ms CreateObjectMapping: 0.184200 ms MarkObjects: 5.621500 ms  DeleteObjects: 0.070700 ms)

AssetImportParameters requested are different than current active one (requested -> active):
  custom:framework-win-MediaFoundation: 216162199b28c13a410421893ffa2e32 -> 
  custom:video-decoder-ogg-theora: a1e56fd34408186e4bbccfd4996cb3dc -> 
  custom:container-muxer-webm: aa71ff27fc2769a1b78a27578f13a17b -> 
  custom:container-demuxer-webm: 4f35f7cbe854078d1ac9338744f61a02 -> 
  custom:container-demuxer-ogg: 62fdf1f143b41e24485cea50d1cbac27 -> 
  custom:video-encoder-webm-vp8: eb34c28f22e8b96e1ab97ce403110664 -> 
  custom:video-codec-MediaFoundation-h265: 746d11721c4dcdbdad8f713fa42b33f4 -> 
  custom:video-decoder-webm-vp8: 9c59270c3fd7afecdb556c50c9e8de78 -> 
  custom:audio-decoder-ogg-vorbis: bf7c407c2cedff20999df2af8eb42d56 -> 
  custom:audio-encoder-webm-vorbis: bf7c407c2cedff20999df2af8eb42d56 -> 
========================================================================
Received Import Request.
  Time since last request: 2460.358931 seconds.
  path: Assets/ML-Agents/Examples/Match3/TFModels/Match3VectorObs.onnx
  artifactKey: Guid(9e89b8e81974148d3b7213530d00589d) Importer(815301076,1909f56bfc062723c751e8b465ee728b)
Start importing Assets/ML-Agents/Examples/Match3/TFModels/Match3VectorObs.onnx using Guid(9e89b8e81974148d3b7213530d00589d) Importer(815301076,1909f56bfc062723c751e8b465ee728b)  -> (artifact id: '50de63608e335e093158f4b8c952f8d4') in 0.479038 seconds 
  Import took 0.511168 seconds .

========================================================================
Received Import Request.
  Time since last request: 0.000764 seconds.
  path: Assets/ML-Agents/Examples/PushBlockWithInput/TFModels/PushBlock.onnx
  artifactKey: Guid(bee50ae7fd03e4e16a4ac45db4d96f6e) Importer(815301076,1909f56bfc062723c751e8b465ee728b)
Start importing Assets/ML-Agents/Examples/PushBlockWithInput/TFModels/PushBlock.onnx using Guid(bee50ae7fd03e4e16a4ac45db4d96f6e) Importer(815301076,1909f56bfc062723c751e8b465ee728b)  -> (artifact id: '3da0293111e0a14a979797a2de4a9e1c') in 0.123065 seconds 
  Import took 0.135439 seconds .

========================================================================
Received Import Request.
  Time since last request: 0.000462 seconds.
  path: Assets/ML-Agents/Examples/Match3/TFModels/Match3VisualObs.onnx
  artifactKey: Guid(28ccdfd7cb3d941ce8af0ab89e06130a) Importer(815301076,1909f56bfc062723c751e8b465ee728b)
Start importing Assets/ML-Agents/Examples/Match3/TFModels/Match3VisualObs.onnx using Guid(28ccdfd7cb3d941ce8af0ab89e06130a) Importer(815301076,1909f56bfc062723c751e8b465ee728b)  -> (artifact id: '0e45e7b39e98ed6f8128cf5472ab6f23') in 0.230728 seconds 
  Import took 0.239795 seconds .

========================================================================
Received Import Request.
  Time since last request: 0.000677 seconds.
  path: Assets/ML-Agents/Examples/Sorter/TFModels/Sorter.onnx
  artifactKey: Guid(a2b17bcb0df4d448893e800c34d87c4c) Importer(815301076,1909f56bfc062723c751e8b465ee728b)
Start importing Assets/ML-Agents/Examples/Sorter/TFModels/Sorter.onnx using Guid(a2b17bcb0df4d448893e800c34d87c4c) Importer(815301076,1909f56bfc062723c751e8b465ee728b)  -> (artifact id: '002cf255e9738e4e38822954ef06380c') in 0.099221 seconds 
  Import took 0.107125 seconds .

========================================================================
Received Import Request.
  Time since last request: 0.002151 seconds.
  path: Assets/ML-Agents/Examples/PushBlock/TFModels/PushBlockCollab.onnx
  artifactKey: Guid(c3aafa29d87154882bcb52488c6446ec) Importer(815301076,1909f56bfc062723c751e8b465ee728b)
Start importing Assets/ML-Agents/Examples/PushBlock/TFModels/PushBlockCollab.onnx using Guid(c3aafa29d87154882bcb52488c6446ec) Importer(815301076,1909f56bfc062723c751e8b465ee728b)  -> (artifact id: 'f130e5887f38d188becef0118e298858') in 0.086527 seconds 
  Import took 0.102556 seconds .

========================================================================
Received Import Request.
  Time since last request: 0.001555 seconds.
  path: Assets/ML-Agents/Examples/Pyramids/TFModels/Pyramids.nn
  artifactKey: Guid(aa3fa19a09ec44a41be3da037783ad41) Importer(815301076,1909f56bfc062723c751e8b465ee728b)
Start importing Assets/ML-Agents/Examples/Pyramids/TFModels/Pyramids.nn using Guid(aa3fa19a09ec44a41be3da037783ad41) Importer(815301076,1909f56bfc062723c751e8b465ee728b)  -> (artifact id: 'e7603b05980196be0f507319a04c1790') in 0.099373 seconds 
  Import took 0.120884 seconds .

========================================================================
Received Import Request.
  Time since last request: 0.000550 seconds.
  path: Assets/ML-Agents/Examples/Soccer/TFModels/SoccerTwos.onnx
  artifactKey: Guid(8cd4584c2f2cb4c5fb51675d364e10ec) Importer(815301076,1909f56bfc062723c751e8b465ee728b)
Start importing Assets/ML-Agents/Examples/Soccer/TFModels/SoccerTwos.onnx using Guid(8cd4584c2f2cb4c5fb51675d364e10ec) Importer(815301076,1909f56bfc062723c751e8b465ee728b)  -> (artifact id: 'c1c34a17c0fd95c8b6e32fec10b5004e') in 0.099906 seconds 
  Import took 0.110242 seconds .

========================================================================
Received Import Request.
  Time since last request: 0.000580 seconds.
  path: Assets/ML-Agents/Examples/WallJump/TFModels/SmallWallJump.nn
  artifactKey: Guid(fb2ce36eb40b6480e94ea0b5d7573e47) Importer(815301076,1909f56bfc062723c751e8b465ee728b)
Start importing Assets/ML-Agents/Examples/WallJump/TFModels/SmallWallJump.nn using Guid(fb2ce36eb40b6480e94ea0b5d7573e47) Importer(815301076,1909f56bfc062723c751e8b465ee728b)  -> (artifact id: 'dd825b3e1e785927a78a3241ba51f208') in 0.084524 seconds 
  Import took 0.091104 seconds .

========================================================================
Received Import Request.
  Time since last request: 0.000402 seconds.
  path: Assets/ML-Agents/Examples/PushBlock/TFModels/PushBlock.nn
  artifactKey: Guid(70db47ab276e44fe0beb677ff8d69382) Importer(815301076,1909f56bfc062723c751e8b465ee728b)
Start importing Assets/ML-Agents/Examples/PushBlock/TFModels/PushBlock.nn using Guid(70db47ab276e44fe0beb677ff8d69382) Importer(815301076,1909f56bfc062723c751e8b465ee728b)  -> (artifact id: '2252af1e52273f439349902f8e9415db') in 0.043779 seconds 
  Import took 0.063109 seconds .

========================================================================
Received Prepare
Registering precompiled user dll's ...
Registered in 0.030243 seconds.
Begin MonoManager ReloadAssembly
Native extension for WindowsStandalone target not found
Refreshing native plugins compatible for Editor in 2.53 ms, found 3 plugins.
Preloading 0 native plugins for Editor in 0.00 ms.
Mono: successfully reloaded assembly
- Completed reload, in  4.587 seconds
Domain Reload Profiling:
	ReloadAssembly (4589ms)
		BeginReloadAssembly (295ms)
			ExecutionOrderSort (0ms)
			DisableScriptedObjects (9ms)
			BackupInstance (0ms)
			ReleaseScriptingObjects (0ms)
			CreateAndSetChildDomain (105ms)
		EndReloadAssembly (4203ms)
			LoadAssemblies (234ms)
			RebuildTransferFunctionScriptingTraits (0ms)
			SetupTypeCache (1336ms)
			ReleaseScriptCaches (2ms)
			RebuildScriptCaches (103ms)
			SetupLoadedEditorAssemblies (2127ms)
				LogAssemblyErrors (0ms)
				InitializePlatformSupportModulesInManaged (16ms)
				SetLoadedEditorAssemblies (2ms)
				RefreshPlugins (3ms)
				BeforeProcessingInitializeOnLoad (368ms)
				ProcessInitializeOnLoadAttributes (1598ms)
				ProcessInitializeOnLoadMethodAttributes (76ms)
				AfterProcessingInitializeOnLoad (63ms)
				EditorAssembliesLoaded (2ms)
			ExecutionOrderSort2 (0ms)
			AwakeInstancesAfterBackupRestoration (26ms)
Platform modules already initialized, skipping
Refreshing native plugins compatible for Editor in 0.92 ms, found 3 plugins.
Preloading 0 native plugins for Editor in 0.00 ms.
Unloading 2520 Unused Serialized files (Serialized files now loaded: 0)
System memory in use before: 112.0 MB.
System memory in use after: 112.3 MB.

Unloading 29 unused Assets to reduce memory usage. Loaded Objects now: 2958.
Total: 6.222500 ms (FindLiveObjects: 0.242200 ms CreateObjectMapping: 0.167100 ms MarkObjects: 5.749800 ms  DeleteObjects: 0.062200 ms)

AssetImportParameters requested are different than current active one (requested -> active):
  custom:framework-win-MediaFoundation: 216162199b28c13a410421893ffa2e32 -> 
  custom:video-decoder-ogg-theora: a1e56fd34408186e4bbccfd4996cb3dc -> 
  custom:container-muxer-webm: aa71ff27fc2769a1b78a27578f13a17b -> 
  custom:container-demuxer-webm: 4f35f7cbe854078d1ac9338744f61a02 -> 
  custom:container-demuxer-ogg: 62fdf1f143b41e24485cea50d1cbac27 -> 
  custom:video-encoder-webm-vp8: eb34c28f22e8b96e1ab97ce403110664 -> 
  custom:video-codec-MediaFoundation-h265: 746d11721c4dcdbdad8f713fa42b33f4 -> 
  custom:video-decoder-webm-vp8: 9c59270c3fd7afecdb556c50c9e8de78 -> 
  custom:audio-decoder-ogg-vorbis: bf7c407c2cedff20999df2af8eb42d56 -> 
  custom:audio-encoder-webm-vorbis: bf7c407c2cedff20999df2af8eb42d56 -> 
========================================================================
Received Import Request.
  Time since last request: 866.419973 seconds.
  path: Assets/ML-Agents/Examples/PushBlock/TFModels/myPushBlock.nn
  artifactKey: Guid(01d01526bf4ae8f44926d0953349551b) Importer(815301076,1909f56bfc062723c751e8b465ee728b)
Start importing Assets/ML-Agents/Examples/PushBlock/TFModels/myPushBlock.nn using Guid(01d01526bf4ae8f44926d0953349551b) Importer(815301076,1909f56bfc062723c751e8b465ee728b) NotSupportedException: Format version not supported: 245
  at Unity.Barracuda.ModelLoader.Load (System.IO.BinaryReader fileReader, System.Boolean verbose, System.Boolean applyPatching, System.Boolean skipWeights) [0x00032] in D:\Unity Project\MLtest\Library\PackageCache\com.unity.barracuda@1.4.0-preview\Barracuda\Runtime\Core\ModelLoader.cs:111 
  at Unity.Barracuda.ModelLoader.Load (System.Byte[] stream, System.Boolean verbose, System.Boolean skipWeights) [0x00000] in D:\Unity Project\MLtest\Library\PackageCache\com.unity.barracuda@1.4.0-preview\Barracuda\Runtime\Core\ModelLoader.cs:68 
  at Unity.Barracuda.ModelLoader.Load (Unity.Barracuda.NNModel model, System.Boolean verbose, System.Boolean skipWeights) [0x00000] in D:\Unity Project\MLtest\Library\PackageCache\com.unity.barracuda@1.4.0-preview\Barracuda\Runtime\Core\ModelLoader.cs:29 
  at Unity.Barracuda.Editor.NNModelEditor.OnEnable () [0x00032] in D:\Unity Project\MLtest\Library\PackageCache\com.unity.barracuda@1.4.0-preview\Barracuda\Editor\ONNXModelImporterEditor.cs:185 
UnityEditor.Editor:CreateEditorWithContextInternal(Object[], Object, Type)
UnityEditor.Editor:CreateEditorWithContext(Object[], Object, Type)
UnityEditor.Editor:CreateEditor(Object, Type)
UnityEditor.Editor:CreateEditor(Object)
UnityEditor.AssetPreviewUpdater:CreatePreviewForAsset(Object, Object[], String)

(Filename: Library/PackageCache/com.unity.barracuda@1.4.0-preview/Barracuda/Runtime/Core/ModelLoader.cs Line: 111)

 -> (artifact id: '90ec074853fe17ba64892747bdea8386') in 0.101920 seconds 
  Import took 0.155021 seconds .

========================================================================
Received Prepare
Registering precompiled user dll's ...
Registered in 0.024001 seconds.
Begin MonoManager ReloadAssembly
Native extension for WindowsStandalone target not found
Refreshing native plugins compatible for Editor in 1.22 ms, found 3 plugins.
Preloading 0 native plugins for Editor in 0.00 ms.
Mono: successfully reloaded assembly
- Completed reload, in  2.144 seconds
Domain Reload Profiling:
	ReloadAssembly (2145ms)
		BeginReloadAssembly (233ms)
			ExecutionOrderSort (0ms)
			DisableScriptedObjects (6ms)
			BackupInstance (0ms)
			ReleaseScriptingObjects (0ms)
			CreateAndSetChildDomain (59ms)
		EndReloadAssembly (1774ms)
			LoadAssemblies (288ms)
			RebuildTransferFunctionScriptingTraits (0ms)
			SetupTypeCache (579ms)
			ReleaseScriptCaches (1ms)
			RebuildScriptCaches (68ms)
			SetupLoadedEditorAssemblies (709ms)
				LogAssemblyErrors (0ms)
				InitializePlatformSupportModulesInManaged (7ms)
				SetLoadedEditorAssemblies (1ms)
				RefreshPlugins (1ms)
				BeforeProcessingInitializeOnLoad (169ms)
				ProcessInitializeOnLoadAttributes (500ms)
				ProcessInitializeOnLoadMethodAttributes (12ms)
				AfterProcessingInitializeOnLoad (19ms)
				EditorAssembliesLoaded (0ms)
			ExecutionOrderSort2 (0ms)
			AwakeInstancesAfterBackupRestoration (8ms)
Platform modules already initialized, skipping
Refreshing native plugins compatible for Editor in 0.70 ms, found 3 plugins.
Preloading 0 native plugins for Editor in 0.00 ms.
Unloading 2520 Unused Serialized files (Serialized files now loaded: 0)
System memory in use before: 112.2 MB.
System memory in use after: 112.4 MB.

Unloading 29 unused Assets to reduce memory usage. Loaded Objects now: 2961.
Total: 4.319400 ms (FindLiveObjects: 0.230000 ms CreateObjectMapping: 0.122500 ms MarkObjects: 3.919400 ms  DeleteObjects: 0.046400 ms)

AssetImportParameters requested are different than current active one (requested -> active):
  custom:framework-win-MediaFoundation: 216162199b28c13a410421893ffa2e32 -> 
  custom:video-decoder-ogg-theora: a1e56fd34408186e4bbccfd4996cb3dc -> 
  custom:container-muxer-webm: aa71ff27fc2769a1b78a27578f13a17b -> 
  custom:container-demuxer-webm: 4f35f7cbe854078d1ac9338744f61a02 -> 
  custom:container-demuxer-ogg: 62fdf1f143b41e24485cea50d1cbac27 -> 
  custom:video-encoder-webm-vp8: eb34c28f22e8b96e1ab97ce403110664 -> 
  custom:video-codec-MediaFoundation-h265: 746d11721c4dcdbdad8f713fa42b33f4 -> 
  custom:video-decoder-webm-vp8: 9c59270c3fd7afecdb556c50c9e8de78 -> 
  custom:audio-decoder-ogg-vorbis: bf7c407c2cedff20999df2af8eb42d56 -> 
  custom:audio-encoder-webm-vorbis: bf7c407c2cedff20999df2af8eb42d56 -> 
========================================================================
Received Import Request.
  Time since last request: 175.740387 seconds.
  path: Assets/ML-Agents/Examples/PushBlock/TFModels/myPushBlock.onnx
  artifactKey: Guid(036616515d42e21428d4acfb3843aa84) Importer(815301076,1909f56bfc062723c751e8b465ee728b)
Start importing Assets/ML-Agents/Examples/PushBlock/TFModels/myPushBlock.onnx using Guid(036616515d42e21428d4acfb3843aa84) Importer(815301076,1909f56bfc062723c751e8b465ee728b)  -> (artifact id: '976a56e0f886d6d22e461008a86b75a2') in 0.127510 seconds 
  Import took 0.220871 seconds .

========================================================================
Received Prepare
Registering precompiled user dll's ...
Registered in 0.016116 seconds.
Begin MonoManager ReloadAssembly
Native extension for WindowsStandalone target not found
Refreshing native plugins compatible for Editor in 0.65 ms, found 3 plugins.
Preloading 0 native plugins for Editor in 0.00 ms.
Mono: successfully reloaded assembly
- Completed reload, in  2.267 seconds
Domain Reload Profiling:
	ReloadAssembly (2268ms)
		BeginReloadAssembly (243ms)
			ExecutionOrderSort (0ms)
			DisableScriptedObjects (8ms)
			BackupInstance (0ms)
			ReleaseScriptingObjects (0ms)
			CreateAndSetChildDomain (54ms)
		EndReloadAssembly (1773ms)
			LoadAssemblies (237ms)
			RebuildTransferFunctionScriptingTraits (1ms)
			SetupTypeCache (620ms)
			ReleaseScriptCaches (1ms)
			RebuildScriptCaches (57ms)
			SetupLoadedEditorAssemblies (762ms)
				LogAssemblyErrors (0ms)
				InitializePlatformSupportModulesInManaged (5ms)
				SetLoadedEditorAssemblies (1ms)
				RefreshPlugins (1ms)
				BeforeProcessingInitializeOnLoad (154ms)
				ProcessInitializeOnLoadAttributes (565ms)
				ProcessInitializeOnLoadMethodAttributes (14ms)
				AfterProcessingInitializeOnLoad (22ms)
				EditorAssembliesLoaded (0ms)
			ExecutionOrderSort2 (0ms)
			AwakeInstancesAfterBackupRestoration (11ms)
Platform modules already initialized, skipping
Refreshing native plugins compatible for Editor in 0.67 ms, found 3 plugins.
Preloading 0 native plugins for Editor in 0.00 ms.
Unloading 2520 Unused Serialized files (Serialized files now loaded: 0)
System memory in use before: 112.2 MB.
System memory in use after: 112.4 MB.

Unloading 29 unused Assets to reduce memory usage. Loaded Objects now: 2964.
Total: 4.353300 ms (FindLiveObjects: 0.256700 ms CreateObjectMapping: 0.154400 ms MarkObjects: 3.895500 ms  DeleteObjects: 0.045700 ms)

AssetImportParameters requested are different than current active one (requested -> active):
  custom:framework-win-MediaFoundation: 216162199b28c13a410421893ffa2e32 -> 
  custom:video-decoder-ogg-theora: a1e56fd34408186e4bbccfd4996cb3dc -> 
  custom:container-muxer-webm: aa71ff27fc2769a1b78a27578f13a17b -> 
  custom:container-demuxer-webm: 4f35f7cbe854078d1ac9338744f61a02 -> 
  custom:container-demuxer-ogg: 62fdf1f143b41e24485cea50d1cbac27 -> 
  custom:video-encoder-webm-vp8: eb34c28f22e8b96e1ab97ce403110664 -> 
  custom:video-codec-MediaFoundation-h265: 746d11721c4dcdbdad8f713fa42b33f4 -> 
  custom:video-decoder-webm-vp8: 9c59270c3fd7afecdb556c50c9e8de78 -> 
  custom:audio-decoder-ogg-vorbis: bf7c407c2cedff20999df2af8eb42d56 -> 
  custom:audio-encoder-webm-vorbis: bf7c407c2cedff20999df2af8eb42d56 -> 
========================================================================
Received Import Request.
  Time since last request: 1109.382086 seconds.
  path: Assets/ML-Agents/Examples/PushBlockWithInput/PushBlockActions.inputactions
  artifactKey: Guid(fcfa5a3b2c4254b2baad1ae474fc4b93) Importer(815301076,1909f56bfc062723c751e8b465ee728b)
Start importing Assets/ML-Agents/Examples/PushBlockWithInput/PushBlockActions.inputactions using Guid(fcfa5a3b2c4254b2baad1ae474fc4b93) Importer(815301076,1909f56bfc062723c751e8b465ee728b)  -> (artifact id: '369924610f834eeb1ad94ba05146d46f') in 0.169656 seconds 
  Import took 0.176013 seconds .

========================================================================
Received Import Request.
  Time since last request: 14.037613 seconds.
  path: Assets/ML-Agents/Examples/3DBall/Scenes
  artifactKey: Guid(f4933f3f3e4b741de85835dd811541ff) Importer(815301076,1909f56bfc062723c751e8b465ee728b)
Start importing Assets/ML-Agents/Examples/3DBall/Scenes using Guid(f4933f3f3e4b741de85835dd811541ff) Importer(815301076,1909f56bfc062723c751e8b465ee728b)  -> (artifact id: 'f82150d4bf7b4b4733ec6da97f998610') in 0.005638 seconds 
  Import took 0.128631 seconds .

========================================================================
Received Import Request.
  Time since last request: 1.624683 seconds.
  path: Assets/ML-Agents/Examples/3DBall/Scenes/3DBall.unity
  artifactKey: Guid(b9ac0cbf961bf4dacbfa0aa9c0d60aaa) Importer(815301076,1909f56bfc062723c751e8b465ee728b)
Start importing Assets/ML-Agents/Examples/3DBall/Scenes/3DBall.unity using Guid(b9ac0cbf961bf4dacbfa0aa9c0d60aaa) Importer(815301076,1909f56bfc062723c751e8b465ee728b)  -> (artifact id: '4569df3c96cba0f2c780c974a7463c17') in 0.005320 seconds 
  Import took 0.010523 seconds .

========================================================================
Received Import Request.
  Time since last request: 6.229923 seconds.
  path: Assets/ML-Agents/Examples/3DBall/Scenes/Visual3DBall.unity
  artifactKey: Guid(345b1ab9777d749dd885c6ea9f138d57) Importer(815301076,1909f56bfc062723c751e8b465ee728b)
Start importing Assets/ML-Agents/Examples/3DBall/Scenes/Visual3DBall.unity using Guid(345b1ab9777d749dd885c6ea9f138d57) Importer(815301076,1909f56bfc062723c751e8b465ee728b)  -> (artifact id: 'a7510a0a7643bfc18d2d8bb0f02b3a6c') in 0.005577 seconds 
  Import took 0.011116 seconds .

========================================================================
Received Import Request.
  Time since last request: 4.315947 seconds.
  path: Assets/ML-Agents/Examples/3DBall/Scenes/3DBallHard.unity
  artifactKey: Guid(35c41099ceec44889bdbe95ed86c97ac) Importer(815301076,1909f56bfc062723c751e8b465ee728b)
Start importing Assets/ML-Agents/Examples/3DBall/Scenes/3DBallHard.unity using Guid(35c41099ceec44889bdbe95ed86c97ac) Importer(815301076,1909f56bfc062723c751e8b465ee728b)  -> (artifact id: 'dfde99b960b122c6af2ea45f061651ec') in 0.005421 seconds 
  Import took 0.013972 seconds .

========================================================================
Received Import Request.
  Time since last request: 20.838526 seconds.
  path: Assets/ML-Agents/Examples/Basic/Scenes/Basic.unity
  artifactKey: Guid(cf1d119a8748d406e90ecb623b45f92f) Importer(815301076,1909f56bfc062723c751e8b465ee728b)
Start importing Assets/ML-Agents/Examples/Basic/Scenes/Basic.unity using Guid(cf1d119a8748d406e90ecb623b45f92f) Importer(815301076,1909f56bfc062723c751e8b465ee728b)  -> (artifact id: '0f43dd83134ba394eceeb9d0351df31e') in 0.024319 seconds 
  Import took 0.045614 seconds .

========================================================================
Received Import Request.
  Time since last request: 32.489319 seconds.
  path: Assets/ML-Agents/Examples/Crawler/Scenes/Crawler.unity
  artifactKey: Guid(7ada20f4d7ae04f2d946cac21135ecbd) Importer(815301076,1909f56bfc062723c751e8b465ee728b)
Start importing Assets/ML-Agents/Examples/Crawler/Scenes/Crawler.unity using Guid(7ada20f4d7ae04f2d946cac21135ecbd) Importer(815301076,1909f56bfc062723c751e8b465ee728b)  -> (artifact id: '3f192447e4659cecd4d413d721ca8b99') in 0.016871 seconds 
  Import took 0.118796 seconds .

========================================================================
Received Import Request.
  Time since last request: 26.116299 seconds.
  path: Assets/ML-Agents/Examples/DungeonEscape/Scenes/DungeonEscape.unity
  artifactKey: Guid(d00d2995d83c94f5da81bb19644a00ac) Importer(815301076,1909f56bfc062723c751e8b465ee728b)
Start importing Assets/ML-Agents/Examples/DungeonEscape/Scenes/DungeonEscape.unity using Guid(d00d2995d83c94f5da81bb19644a00ac) Importer(815301076,1909f56bfc062723c751e8b465ee728b)  -> (artifact id: '400b7bec3cd2ada5f898b498cc266d2a') in 0.015639 seconds 
  Import took 0.033152 seconds .

========================================================================
Received Import Request.
  Time since last request: 45.180389 seconds.
  path: Assets/ML-Agents/Examples/FoodCollector/Scenes/FoodCollector.unity
  artifactKey: Guid(74aeee1f5073c4998840fc784793f1ef) Importer(815301076,1909f56bfc062723c751e8b465ee728b)
Start importing Assets/ML-Agents/Examples/FoodCollector/Scenes/FoodCollector.unity using Guid(74aeee1f5073c4998840fc784793f1ef) Importer(815301076,1909f56bfc062723c751e8b465ee728b)  -> (artifact id: 'b8839ae314538b2d69cdac3ba2e04fc4') in 0.005927 seconds 
  Import took 0.038259 seconds .

========================================================================
Received Import Request.
  Time since last request: 27.499705 seconds.
  path: Assets/ML-Agents/Examples/GridWorld/Scenes/GridWorld.unity
  artifactKey: Guid(c6fdbb551d80c435abe6fc911b1ea11f) Importer(815301076,1909f56bfc062723c751e8b465ee728b)
Start importing Assets/ML-Agents/Examples/GridWorld/Scenes/GridWorld.unity using Guid(c6fdbb551d80c435abe6fc911b1ea11f) Importer(815301076,1909f56bfc062723c751e8b465ee728b)  -> (artifact id: 'a6b177a31e1fe67928bed1f859b31dcd') in 0.005788 seconds 
  Import took 0.020451 seconds .

========================================================================
Received Import Request.
  Time since last request: 26.459392 seconds.
  path: Assets/ML-Agents/Examples/Hallway/Scenes/Hallway.unity
  artifactKey: Guid(d6d6a33ed0e18459a8d61817d600978a) Importer(815301076,1909f56bfc062723c751e8b465ee728b)
Start importing Assets/ML-Agents/Examples/Hallway/Scenes/Hallway.unity using Guid(d6d6a33ed0e18459a8d61817d600978a) Importer(815301076,1909f56bfc062723c751e8b465ee728b)  -> (artifact id: '2c0185edf8874179941edf8e28017009') in 0.007395 seconds 
  Import took 0.013855 seconds .

========================================================================
Received Import Request.
  Time since last request: 31.903338 seconds.
  path: Assets/ML-Agents/Examples/Match3/Scenes/Match3.unity
  artifactKey: Guid(2e09c5458f1494f9dad9cd6d09dff964) Importer(815301076,1909f56bfc062723c751e8b465ee728b)
Start importing Assets/ML-Agents/Examples/Match3/Scenes/Match3.unity using Guid(2e09c5458f1494f9dad9cd6d09dff964) Importer(815301076,1909f56bfc062723c751e8b465ee728b)  -> (artifact id: 'df26be4a0cfc122bb9ed92d4bd5bf36b') in 0.037056 seconds 
  Import took 0.077146 seconds .

========================================================================
Received Import Request.
  Time since last request: 23.956499 seconds.
  path: Assets/ML-Agents/Examples/PushBlockWithInput/Scenes/PushBlockWithInput.unity
  artifactKey: Guid(0ba15da26c0684ac386bc3da3183d136) Importer(815301076,1909f56bfc062723c751e8b465ee728b)
Start importing Assets/ML-Agents/Examples/PushBlockWithInput/Scenes/PushBlockWithInput.unity using Guid(0ba15da26c0684ac386bc3da3183d136) Importer(815301076,1909f56bfc062723c751e8b465ee728b)  -> (artifact id: '600a67944b7c580784d661b86adb9483') in 0.005189 seconds 
  Import took 0.011260 seconds .

========================================================================
Received Import Request.
  Time since last request: 12.680137 seconds.
  path: Assets/ML-Agents/Examples/Pyramids/Scenes/Pyramids.unity
  artifactKey: Guid(35afbc150a44b4aa69ca04685486b5c4) Importer(815301076,1909f56bfc062723c751e8b465ee728b)
Start importing Assets/ML-Agents/Examples/Pyramids/Scenes/Pyramids.unity using Guid(35afbc150a44b4aa69ca04685486b5c4) Importer(815301076,1909f56bfc062723c751e8b465ee728b)  -> (artifact id: 'ab389effa90fbf210a6bc8446ad0f50a') in 0.018216 seconds 
  Import took 0.060307 seconds .

========================================================================
Received Import Request.
  Time since last request: 70.507554 seconds.
  path: Assets/ML-Agents/Examples/SharedAssets/Meshes/AgentCube.fbx
  artifactKey: Guid(d42ce640bd273f14fb3076ec3bcd8a1b) Importer(815301076,1909f56bfc062723c751e8b465ee728b)
Start importing Assets/ML-Agents/Examples/SharedAssets/Meshes/AgentCube.fbx using Guid(d42ce640bd273f14fb3076ec3bcd8a1b) Importer(815301076,1909f56bfc062723c751e8b465ee728b)  -> (artifact id: '9a6b435d2ad0504ea50d225f85498c45') in 0.524495 seconds 
  Import took 0.530489 seconds .

========================================================================
Received Import Request.
  Time since last request: 0.000388 seconds.
  path: Assets/ML-Agents/Examples/SharedAssets/Meshes/symbol_circle.fbx
  artifactKey: Guid(809601725d53c41fb9c7a75071bfbf51) Importer(815301076,1909f56bfc062723c751e8b465ee728b)
Start importing Assets/ML-Agents/Examples/SharedAssets/Meshes/symbol_circle.fbx using Guid(809601725d53c41fb9c7a75071bfbf51) Importer(815301076,1909f56bfc062723c751e8b465ee728b)  -> (artifact id: '179e15712460152008f66310e2b1912b') in 0.178710 seconds 
  Import took 0.192607 seconds .

========================================================================
Received Import Request.
  Time since last request: 0.000450 seconds.
  path: Assets/ML-Agents/Examples/SharedAssets/Meshes/LongPlatform.fbx
  artifactKey: Guid(123ce272c1899fe4cb9494514640e29e) Importer(815301076,1909f56bfc062723c751e8b465ee728b)
Start importing Assets/ML-Agents/Examples/SharedAssets/Meshes/LongPlatform.fbx using Guid(123ce272c1899fe4cb9494514640e29e) Importer(815301076,1909f56bfc062723c751e8b465ee728b)  -> (artifact id: 'f1be1feca07bd5f0881184bdb53fc728') in 0.394825 seconds 
  Import took 0.400149 seconds .

========================================================================
Received Import Request.
  Time since last request: 0.000346 seconds.
  path: Assets/ML-Agents/Examples/SharedAssets/Prefabs/Logo-PlaneMesh-WHITE.prefab
  artifactKey: Guid(7b6ea6f04dd0647a1bde5bea97c8cd35) Importer(815301076,1909f56bfc062723c751e8b465ee728b)
Start importing Assets/ML-Agents/Examples/SharedAssets/Prefabs/Logo-PlaneMesh-WHITE.prefab using Guid(7b6ea6f04dd0647a1bde5bea97c8cd35) Importer(815301076,1909f56bfc062723c751e8b465ee728b)  -> (artifact id: 'acff97009d64b7de8d09ec1214330254') in 0.079940 seconds 
  Import took 0.093384 seconds .

========================================================================
Received Import Request.
  Time since last request: 0.000432 seconds.
  path: Assets/ML-Agents/Examples/SharedAssets/Prefabs/PlatformDynamicTarget.prefab
  artifactKey: Guid(f0d7741d9e06247f6843b921a206b978) Importer(815301076,1909f56bfc062723c751e8b465ee728b)
Start importing Assets/ML-Agents/Examples/SharedAssets/Prefabs/PlatformDynamicTarget.prefab using Guid(f0d7741d9e06247f6843b921a206b978) Importer(815301076,1909f56bfc062723c751e8b465ee728b)  -> (artifact id: '107ca9d618c3f5d0a1d888308eef42be') in 0.056468 seconds 
  Import took 0.071231 seconds .

========================================================================
Received Import Request.
  Time since last request: 0.001807 seconds.
  path: Assets/ML-Agents/Examples/SharedAssets/Prefabs/AgentCubeBeveled_Blue.prefab
  artifactKey: Guid(ed50871dc03034e4bb0fc839e3c5e383) Importer(815301076,1909f56bfc062723c751e8b465ee728b)
Start importing Assets/ML-Agents/Examples/SharedAssets/Prefabs/AgentCubeBeveled_Blue.prefab using Guid(ed50871dc03034e4bb0fc839e3c5e383) Importer(815301076,1909f56bfc062723c751e8b465ee728b)  -> (artifact id: '6ec7fb3e3b68520bce874975a3107a39') in 0.059725 seconds 
  Import took 0.078996 seconds .

========================================================================
Received Import Request.
  Time since last request: 0.001435 seconds.
  path: Assets/ML-Agents/Examples/SharedAssets/Prefabs/Canvas_Watermark.prefab
  artifactKey: Guid(3ce107b4a79bc4eef83afde434932a68) Importer(815301076,1909f56bfc062723c751e8b465ee728b)
Start importing Assets/ML-Agents/Examples/SharedAssets/Prefabs/Canvas_Watermark.prefab using Guid(3ce107b4a79bc4eef83afde434932a68) Importer(815301076,1909f56bfc062723c751e8b465ee728b)  -> (artifact id: '8f281a46995dec693c038ce389d987b9') in 0.048773 seconds 
  Import took 0.064613 seconds .

========================================================================
Received Import Request.
  Time since last request: 0.006561 seconds.
  path: Assets/ML-Agents/Examples/SharedAssets/Prefabs/Logo-PlaneMesh-GRAY.prefab
  artifactKey: Guid(2c8b8cb388800475291391089d1a2351) Importer(815301076,1909f56bfc062723c751e8b465ee728b)
Start importing Assets/ML-Agents/Examples/SharedAssets/Prefabs/Logo-PlaneMesh-GRAY.prefab using Guid(2c8b8cb388800475291391089d1a2351) Importer(815301076,1909f56bfc062723c751e8b465ee728b)  -> (artifact id: '285f77c8114f3e5437970a0d561dce15') in 0.052757 seconds 
  Import took 0.063546 seconds .

========================================================================
Received Import Request.
  Time since last request: 0.000406 seconds.
  path: Assets/ML-Agents/Examples/SharedAssets/Prefabs/Symbol_Star.prefab
  artifactKey: Guid(a9f9ac03f750149ed8ae35949376dbf5) Importer(815301076,1909f56bfc062723c751e8b465ee728b)
Start importing Assets/ML-Agents/Examples/SharedAssets/Prefabs/Symbol_Star.prefab using Guid(a9f9ac03f750149ed8ae35949376dbf5) Importer(815301076,1909f56bfc062723c751e8b465ee728b)  -> (artifact id: '3b904c5c4b9077bf0557007620bd05e3') in 0.057978 seconds 
  Import took 0.067017 seconds .

========================================================================
Received Import Request.
  Time since last request: 0.000468 seconds.
  path: Assets/ML-Agents/Examples/SharedAssets/Prefabs/AgentCube_Blue.prefab
  artifactKey: Guid(70d695e1d8399400bb0f2873bdf29bb0) Importer(815301076,1909f56bfc062723c751e8b465ee728b)
Start importing Assets/ML-Agents/Examples/SharedAssets/Prefabs/AgentCube_Blue.prefab using Guid(70d695e1d8399400bb0f2873bdf29bb0) Importer(815301076,1909f56bfc062723c751e8b465ee728b)  -> (artifact id: '570f3b33ecf5181eb00859733c703bf8') in 0.044769 seconds 
  Import took 0.073314 seconds .

========================================================================
Received Import Request.
  Time since last request: 0.000592 seconds.
  path: Assets/ML-Agents/Examples/SharedAssets/Prefabs/AgentCube_Purple.prefab
  artifactKey: Guid(f203a22ac5f5e484386222536623c6ab) Importer(815301076,1909f56bfc062723c751e8b465ee728b)
Start importing Assets/ML-Agents/Examples/SharedAssets/Prefabs/AgentCube_Purple.prefab using Guid(f203a22ac5f5e484386222536623c6ab) Importer(815301076,1909f56bfc062723c751e8b465ee728b)  -> (artifact id: '4a5e8c4f5900f081f89e9b499554b418') in 0.062645 seconds 
  Import took 0.087492 seconds .

========================================================================
Received Import Request.
  Time since last request: 0.000443 seconds.
  path: Assets/ML-Agents/Examples/SharedAssets/Prefabs/Symbol_Triangle.prefab
  artifactKey: Guid(58c36a1fc2609452c92aaa5a0b56b8c4) Importer(815301076,1909f56bfc062723c751e8b465ee728b)
Start importing Assets/ML-Agents/Examples/SharedAssets/Prefabs/Symbol_Triangle.prefab using Guid(58c36a1fc2609452c92aaa5a0b56b8c4) Importer(815301076,1909f56bfc062723c751e8b465ee728b)  -> (artifact id: 'c195cdc37495426aa47e4e625503c906') in 0.047643 seconds 
  Import took 0.057698 seconds .

========================================================================
Received Import Request.
  Time since last request: 0.000450 seconds.
  path: Assets/ML-Agents/Examples/SharedAssets/Prefabs/DirectionIndicator.prefab
  artifactKey: Guid(e568400ebedb3474fac505995f12ed4a) Importer(815301076,1909f56bfc062723c751e8b465ee728b)
Start importing Assets/ML-Agents/Examples/SharedAssets/Prefabs/DirectionIndicator.prefab using Guid(e568400ebedb3474fac505995f12ed4a) Importer(815301076,1909f56bfc062723c751e8b465ee728b)  -> (artifact id: '52b35fb221477c9ad744239ec6c56970') in 0.105834 seconds 
  Import took 0.123540 seconds .

========================================================================
Received Import Request.
  Time since last request: 0.001147 seconds.
  path: Assets/ML-Agents/Examples/SharedAssets/Prefabs/Logo-PlaneMesh-BLACK.prefab
  artifactKey: Guid(a475958cc9466411db1430dcd47163d2) Importer(815301076,1909f56bfc062723c751e8b465ee728b)
Start importing Assets/ML-Agents/Examples/SharedAssets/Prefabs/Logo-PlaneMesh-BLACK.prefab using Guid(a475958cc9466411db1430dcd47163d2) Importer(815301076,1909f56bfc062723c751e8b465ee728b)  -> (artifact id: '4bcbb46170210dbce9c7d57ae805639c') in 0.087580 seconds 
  Import took 0.106368 seconds .

========================================================================
Received Import Request.
  Time since last request: 0.002234 seconds.
  path: Assets/ML-Agents/Examples/SharedAssets/Prefabs/Directional_Light.prefab
  artifactKey: Guid(5889392e3f05b448a8a06c5def6c2dec) Importer(815301076,1909f56bfc062723c751e8b465ee728b)
Start importing Assets/ML-Agents/Examples/SharedAssets/Prefabs/Directional_Light.prefab using Guid(5889392e3f05b448a8a06c5def6c2dec) Importer(815301076,1909f56bfc062723c751e8b465ee728b)  -> (artifact id: 'cabd2642b2cdd27c717b5d6c59902ee0') in 0.070002 seconds 
  Import took 0.094090 seconds .

========================================================================
Received Import Request.
  Time since last request: 0.000491 seconds.
  path: Assets/ML-Agents/Examples/SharedAssets/Meshes/symbol_star.fbx
  artifactKey: Guid(5f278eab42a404bf4b9b70618654218d) Importer(815301076,1909f56bfc062723c751e8b465ee728b)
Start importing Assets/ML-Agents/Examples/SharedAssets/Meshes/symbol_star.fbx using Guid(5f278eab42a404bf4b9b70618654218d) Importer(815301076,1909f56bfc062723c751e8b465ee728b)  -> (artifact id: 'c87136d4d6179d0847e5dd231c335308') in 0.282123 seconds 
  Import took 0.303359 seconds .

========================================================================
Received Import Request.
  Time since last request: 0.000633 seconds.
  path: Assets/ML-Agents/Examples/SharedAssets/Meshes/symbol_tri.fbx
  artifactKey: Guid(09e2da39770c24cc9a71e5dbf05a1e85) Importer(815301076,1909f56bfc062723c751e8b465ee728b)
Start importing Assets/ML-Agents/Examples/SharedAssets/Meshes/symbol_tri.fbx using Guid(09e2da39770c24cc9a71e5dbf05a1e85) Importer(815301076,1909f56bfc062723c751e8b465ee728b)  -> (artifact id: 'b74f9590f84c57d7f0746ccb461d798c') in 0.090089 seconds 
  Import took 0.160339 seconds .

========================================================================
Received Import Request.
  Time since last request: 0.000411 seconds.
  path: Assets/ML-Agents/Examples/SharedAssets/Meshes/symbol_x.fbx
  artifactKey: Guid(df826ba32791e458caefe83b4498ce35) Importer(815301076,1909f56bfc062723c751e8b465ee728b)
Start importing Assets/ML-Agents/Examples/SharedAssets/Meshes/symbol_x.fbx using Guid(df826ba32791e458caefe83b4498ce35) Importer(815301076,1909f56bfc062723c751e8b465ee728b)  -> (artifact id: 'c2d0743ad2f8554e8f436f34723059df') in 0.083789 seconds 
  Import took 0.091140 seconds .

========================================================================
Received Import Request.
  Time since last request: 0.000329 seconds.
  path: Assets/ML-Agents/Examples/SharedAssets/Meshes/LongNarrowPlatform.fbx
  artifactKey: Guid(5b535e54498332546a40dec193a2a56a) Importer(815301076,1909f56bfc062723c751e8b465ee728b)
Start importing Assets/ML-Agents/Examples/SharedAssets/Meshes/LongNarrowPlatform.fbx using Guid(5b535e54498332546a40dec193a2a56a) Importer(815301076,1909f56bfc062723c751e8b465ee728b)  -> (artifact id: '9f72709f83c60611e23bc110205410ac') in 0.234427 seconds 
  Import took 0.268514 seconds .

========================================================================
Received Import Request.
  Time since last request: 0.000556 seconds.
  path: Assets/ML-Agents/Examples/SharedAssets/Prefabs/Symbol_X.prefab
  artifactKey: Guid(58a7c245130274d559eccf656e2fbc44) Importer(815301076,1909f56bfc062723c751e8b465ee728b)
Start importing Assets/ML-Agents/Examples/SharedAssets/Prefabs/Symbol_X.prefab using Guid(58a7c245130274d559eccf656e2fbc44) Importer(815301076,1909f56bfc062723c751e8b465ee728b)  -> (artifact id: '1fffffbe6e5e0d69decd7fddf9d77a93') in 0.069057 seconds 
  Import took 0.078085 seconds .

========================================================================
Received Import Request.
  Time since last request: 0.002142 seconds.
  path: Assets/ML-Agents/Examples/SharedAssets/Prefabs/AgentCubeWithCamera_Blue.prefab
  artifactKey: Guid(a60300fb512c946049325c74b6bf6089) Importer(815301076,1909f56bfc062723c751e8b465ee728b)
Start importing Assets/ML-Agents/Examples/SharedAssets/Prefabs/AgentCubeWithCamera_Blue.prefab using Guid(a60300fb512c946049325c74b6bf6089) Importer(815301076,1909f56bfc062723c751e8b465ee728b)  -> (artifact id: 'f85806c36b601bcd7676f8e3ede7e067') in 0.041722 seconds 
  Import took 0.058318 seconds .

========================================================================
Received Import Request.
  Time since last request: 0.000409 seconds.
  path: Assets/ML-Agents/Examples/SharedAssets/Prefabs/OrientationCube.prefab
  artifactKey: Guid(72f745913c5a34df5aaadd5c1f0024cb) Importer(815301076,1909f56bfc062723c751e8b465ee728b)
Start importing Assets/ML-Agents/Examples/SharedAssets/Prefabs/OrientationCube.prefab using Guid(72f745913c5a34df5aaadd5c1f0024cb) Importer(815301076,1909f56bfc062723c751e8b465ee728b)  -> (artifact id: '167b79e017181f79ceda08e85e5804b9') in 0.035981 seconds 
  Import took 0.048719 seconds .

========================================================================
Received Import Request.
  Time since last request: 0.000416 seconds.
  path: Assets/ML-Agents/Examples/SharedAssets/Prefabs/DynamicTargetPlatform.prefab
  artifactKey: Guid(d6fc96a99a9754f07b48abf1e0d55a5c) Importer(815301076,1909f56bfc062723c751e8b465ee728b)
Start importing Assets/ML-Agents/Examples/SharedAssets/Prefabs/DynamicTargetPlatform.prefab using Guid(d6fc96a99a9754f07b48abf1e0d55a5c) Importer(815301076,1909f56bfc062723c751e8b465ee728b)  -> (artifact id: 'bff677cac972313af08a848059115a17') in 0.058443 seconds 
  Import took 0.067996 seconds .

========================================================================
Received Import Request.
  Time since last request: 0.000692 seconds.
  path: Assets/ML-Agents/Examples/SharedAssets/Prefabs/AgentCubeWithCamera_Purple.prefab
  artifactKey: Guid(b3f44c5319ba14b88a7cc096cfd91979) Importer(815301076,1909f56bfc062723c751e8b465ee728b)
Start importing Assets/ML-Agents/Examples/SharedAssets/Prefabs/AgentCubeWithCamera_Purple.prefab using Guid(b3f44c5319ba14b88a7cc096cfd91979) Importer(815301076,1909f56bfc062723c751e8b465ee728b)  -> (artifact id: '7e9d29d4a3d7b74b8e4eee4742602c27') in 0.051837 seconds 
  Import took 0.073069 seconds .

========================================================================
Received Import Request.
  Time since last request: 0.001170 seconds.
  path: Assets/ML-Agents/Examples/SharedAssets/Prefabs/AgentCubeBeveled_Purple.prefab
  artifactKey: Guid(a4068050c927b4ec0b4b561f123190cc) Importer(815301076,1909f56bfc062723c751e8b465ee728b)
Start importing Assets/ML-Agents/Examples/SharedAssets/Prefabs/AgentCubeBeveled_Purple.prefab using Guid(a4068050c927b4ec0b4b561f123190cc) Importer(815301076,1909f56bfc062723c751e8b465ee728b)  -> (artifact id: '4b680c5a31883c7413165cff66e409a3') in 0.047625 seconds 
  Import took 0.066019 seconds .

========================================================================
Received Import Request.
  Time since last request: 0.002922 seconds.
  path: Assets/ML-Agents/Examples/SharedAssets/Prefabs/Symbol_O.prefab
  artifactKey: Guid(b0ce898e8d61d44a2b141509e1e6969d) Importer(815301076,1909f56bfc062723c751e8b465ee728b)
Start importing Assets/ML-Agents/Examples/SharedAssets/Prefabs/Symbol_O.prefab using Guid(b0ce898e8d61d44a2b141509e1e6969d) Importer(815301076,1909f56bfc062723c751e8b465ee728b)  -> (artifact id: 'c490600d2246023f77ffa134154fed96') in 0.069385 seconds 
  Import took 0.088881 seconds .

========================================================================
Received Import Request.
  Time since last request: 3.384485 seconds.
  path: Assets/ML-Agents/Examples/Soccer/Scenes/SoccerTwos.unity
  artifactKey: Guid(f8055e5dfa04643559678426a82225c1) Importer(815301076,1909f56bfc062723c751e8b465ee728b)
Start importing Assets/ML-Agents/Examples/Soccer/Scenes/SoccerTwos.unity using Guid(f8055e5dfa04643559678426a82225c1) Importer(815301076,1909f56bfc062723c751e8b465ee728b)  -> (artifact id: '1ebcb2867b53fa20f2fd50126391dd19') in 0.004954 seconds 
  Import took 0.009985 seconds .

========================================================================
Received Import Request.
  Time since last request: 45.996788 seconds.
  path: Assets/ML-Agents/Examples/Sorter/Scenes/Sorter.unity
  artifactKey: Guid(f23c5f09c95ad48768a41974a2f1523c) Importer(815301076,1909f56bfc062723c751e8b465ee728b)
Start importing Assets/ML-Agents/Examples/Sorter/Scenes/Sorter.unity using Guid(f23c5f09c95ad48768a41974a2f1523c) Importer(815301076,1909f56bfc062723c751e8b465ee728b)  -> (artifact id: '87f58e591d8d1a3d12df4189a188c8ba') in 0.010913 seconds 
  Import took 0.035115 seconds .

========================================================================
Received Import Request.
  Time since last request: 43.476590 seconds.
  path: Assets/ML-Agents/Examples/Startup/Scripts/Startup.cs
  artifactKey: Guid(23f416cde2a4347bebfbe2efe69d19b8) Importer(815301076,1909f56bfc062723c751e8b465ee728b)
Start importing Assets/ML-Agents/Examples/Startup/Scripts/Startup.cs using Guid(23f416cde2a4347bebfbe2efe69d19b8) Importer(815301076,1909f56bfc062723c751e8b465ee728b)  -> (artifact id: 'cb09b7efb13351de23b9e49b5fd27849') in 0.039742 seconds 
  Import took 0.048638 seconds .

========================================================================
Received Prepare
Registering precompiled user dll's ...
Registered in 0.105188 seconds.
Begin MonoManager ReloadAssembly
Native extension for WindowsStandalone target not found
Refreshing native plugins compatible for Editor in 1.61 ms, found 3 plugins.
Preloading 0 native plugins for Editor in 0.00 ms.
Mono: successfully reloaded assembly
- Completed reload, in 13.257 seconds
Domain Reload Profiling:
	ReloadAssembly (13259ms)
		BeginReloadAssembly (370ms)
			ExecutionOrderSort (0ms)
			DisableScriptedObjects (11ms)
			BackupInstance (0ms)
			ReleaseScriptingObjects (0ms)
			CreateAndSetChildDomain (73ms)
		EndReloadAssembly (12545ms)
			LoadAssemblies (992ms)
			RebuildTransferFunctionScriptingTraits (0ms)
			SetupTypeCache (6005ms)
			ReleaseScriptCaches (2ms)
			RebuildScriptCaches (158ms)
			SetupLoadedEditorAssemblies (4491ms)
				LogAssemblyErrors (0ms)
				InitializePlatformSupportModulesInManaged (14ms)
				SetLoadedEditorAssemblies (2ms)
				RefreshPlugins (2ms)
				BeforeProcessingInitializeOnLoad (1132ms)
				ProcessInitializeOnLoadAttributes (3258ms)
				ProcessInitializeOnLoadMethodAttributes (28ms)
				AfterProcessingInitializeOnLoad (54ms)
				EditorAssembliesLoaded (2ms)
			ExecutionOrderSort2 (0ms)
			AwakeInstancesAfterBackupRestoration (29ms)
Platform modules already initialized, skipping
Refreshing native plugins compatible for Editor in 1.48 ms, found 3 plugins.
Preloading 0 native plugins for Editor in 0.00 ms.
Unloading 2520 Unused Serialized files (Serialized files now loaded: 0)
System memory in use before: 115.8 MB.
System memory in use after: 116.0 MB.

Unloading 30 unused Assets to reduce memory usage. Loaded Objects now: 3014.
Total: 7.766700 ms (FindLiveObjects: 0.465900 ms CreateObjectMapping: 0.246500 ms MarkObjects: 6.966600 ms  DeleteObjects: 0.085900 ms)

AssetImportParameters requested are different than current active one (requested -> active):
  custom:framework-win-MediaFoundation: 216162199b28c13a410421893ffa2e32 -> 
  custom:video-decoder-ogg-theora: a1e56fd34408186e4bbccfd4996cb3dc -> 
  custom:container-muxer-webm: aa71ff27fc2769a1b78a27578f13a17b -> 
  custom:container-demuxer-webm: 4f35f7cbe854078d1ac9338744f61a02 -> 
  custom:container-demuxer-ogg: 62fdf1f143b41e24485cea50d1cbac27 -> 
  custom:video-encoder-webm-vp8: eb34c28f22e8b96e1ab97ce403110664 -> 
  custom:video-codec-MediaFoundation-h265: 746d11721c4dcdbdad8f713fa42b33f4 -> 
  custom:video-decoder-webm-vp8: 9c59270c3fd7afecdb556c50c9e8de78 -> 
  custom:audio-decoder-ogg-vorbis: bf7c407c2cedff20999df2af8eb42d56 -> 
  custom:audio-encoder-webm-vorbis: bf7c407c2cedff20999df2af8eb42d56 -> 
========================================================================
Received Import Request.
  Time since last request: 83.341505 seconds.
  path: Assets/ML-Agents/Examples/Walker/Scenes/Walker.unity
  artifactKey: Guid(2b839ee93e7a4467f9f8b4803c4a239b) Importer(815301076,1909f56bfc062723c751e8b465ee728b)
Start importing Assets/ML-Agents/Examples/Walker/Scenes/Walker.unity using Guid(2b839ee93e7a4467f9f8b4803c4a239b) Importer(815301076,1909f56bfc062723c751e8b465ee728b)  -> (artifact id: '0b3d9339cb849305019e1d3679a79e65') in 0.049926 seconds 
  Import took 0.240902 seconds .

========================================================================
Received Import Request.
  Time since last request: 43.605014 seconds.
  path: Assets/ML-Agents/Examples/WallJump/Scenes/WallJump.unity
  artifactKey: Guid(56024e8d040d344709949bc88128944d) Importer(815301076,1909f56bfc062723c751e8b465ee728b)
Start importing Assets/ML-Agents/Examples/WallJump/Scenes/WallJump.unity using Guid(56024e8d040d344709949bc88128944d) Importer(815301076,1909f56bfc062723c751e8b465ee728b)  -> (artifact id: '954722e3bc5ff85a861235ba00ca0e11') in 0.009678 seconds 
  Import took 0.025154 seconds .

========================================================================
Received Import Request.
  Time since last request: 32.545684 seconds.
  path: Assets/ML-Agents/Examples/Worm/Scenes/Worm.unity
  artifactKey: Guid(2d569bb9615d8480f82ec9eab5fb4cf2) Importer(815301076,1909f56bfc062723c751e8b465ee728b)
Start importing Assets/ML-Agents/Examples/Worm/Scenes/Worm.unity using Guid(2d569bb9615d8480f82ec9eab5fb4cf2) Importer(815301076,1909f56bfc062723c751e8b465ee728b)  -> (artifact id: '8e907526476cac486253be7afd8c8476') in 0.005953 seconds 
  Import took 0.166076 seconds .

========================================================================
Received Import Request.
  Time since last request: 41.493251 seconds.
  path: Assets/ML-Agents/Editor/Tests
  artifactKey: Guid(5c324397e98ed45d28d29fd1056c6df0) Importer(815301076,1909f56bfc062723c751e8b465ee728b)
Start importing Assets/ML-Agents/Editor/Tests using Guid(5c324397e98ed45d28d29fd1056c6df0) Importer(815301076,1909f56bfc062723c751e8b465ee728b)  -> (artifact id: '8848b2b80e740b00d49886233a547164') in 0.006352 seconds 
  Import took 0.043188 seconds .

========================================================================
Received Import Request.
  Time since last request: 3.805535 seconds.
  path: Assets/ML-Agents/Editor/Tests/SampleExporter.cs
  artifactKey: Guid(914d5be190bb435eb11383db3aaf70eb) Importer(815301076,1909f56bfc062723c751e8b465ee728b)
Start importing Assets/ML-Agents/Editor/Tests/SampleExporter.cs using Guid(914d5be190bb435eb11383db3aaf70eb) Importer(815301076,1909f56bfc062723c751e8b465ee728b)  -> (artifact id: 'bcd56a469a827b50840709eec9007552') in 0.011339 seconds 
  Import took 0.115871 seconds .

========================================================================
Received Import Request.
  Time since last request: 0.477863 seconds.
  path: Assets/ML-Agents/Editor/Tests/StandaloneBuildTest.cs
  artifactKey: Guid(a0c87e095448c49e9812863bb5d1f4e1) Importer(815301076,1909f56bfc062723c751e8b465ee728b)
Start importing Assets/ML-Agents/Editor/Tests/StandaloneBuildTest.cs using Guid(a0c87e095448c49e9812863bb5d1f4e1) Importer(815301076,1909f56bfc062723c751e8b465ee728b)  -> (artifact id: '4e855cca16925706a53e1ba83d72a7dc') in 0.006660 seconds 
  Import took 0.022354 seconds .

========================================================================
Received Prepare
Registering precompiled user dll's ...
Registered in 0.016235 seconds.
Begin MonoManager ReloadAssembly
Native extension for WindowsStandalone target not found
Refreshing native plugins compatible for Editor in 0.91 ms, found 3 plugins.
Preloading 0 native plugins for Editor in 0.00 ms.
Mono: successfully reloaded assembly
- Completed reload, in  1.971 seconds
Domain Reload Profiling:
	ReloadAssembly (1971ms)
		BeginReloadAssembly (220ms)
			ExecutionOrderSort (0ms)
			DisableScriptedObjects (5ms)
			BackupInstance (0ms)
			ReleaseScriptingObjects (0ms)
			CreateAndSetChildDomain (44ms)
		EndReloadAssembly (1633ms)
			LoadAssemblies (227ms)
			RebuildTransferFunctionScriptingTraits (0ms)
			SetupTypeCache (486ms)
			ReleaseScriptCaches (1ms)
			RebuildScriptCaches (54ms)
			SetupLoadedEditorAssemblies (766ms)
				LogAssemblyErrors (0ms)
				InitializePlatformSupportModulesInManaged (6ms)
				SetLoadedEditorAssemblies (1ms)
				RefreshPlugins (1ms)
				BeforeProcessingInitializeOnLoad (192ms)
				ProcessInitializeOnLoadAttributes (531ms)
				ProcessInitializeOnLoadMethodAttributes (12ms)
				AfterProcessingInitializeOnLoad (23ms)
				EditorAssembliesLoaded (1ms)
			ExecutionOrderSort2 (0ms)
			AwakeInstancesAfterBackupRestoration (9ms)
Platform modules already initialized, skipping
Refreshing native plugins compatible for Editor in 1.23 ms, found 3 plugins.
Preloading 0 native plugins for Editor in 0.00 ms.
Unloading 2520 Unused Serialized files (Serialized files now loaded: 0)
System memory in use before: 115.9 MB.
System memory in use after: 116.1 MB.

Unloading 29 unused Assets to reduce memory usage. Loaded Objects now: 3017.
Total: 5.479700 ms (FindLiveObjects: 0.348400 ms CreateObjectMapping: 0.175300 ms MarkObjects: 4.921700 ms  DeleteObjects: 0.032900 ms)

AssetImportParameters requested are different than current active one (requested -> active):
  custom:framework-win-MediaFoundation: 216162199b28c13a410421893ffa2e32 -> 
  custom:video-decoder-ogg-theora: a1e56fd34408186e4bbccfd4996cb3dc -> 
  custom:container-muxer-webm: aa71ff27fc2769a1b78a27578f13a17b -> 
  custom:container-demuxer-webm: 4f35f7cbe854078d1ac9338744f61a02 -> 
  custom:container-demuxer-ogg: 62fdf1f143b41e24485cea50d1cbac27 -> 
  custom:video-encoder-webm-vp8: eb34c28f22e8b96e1ab97ce403110664 -> 
  custom:video-codec-MediaFoundation-h265: 746d11721c4dcdbdad8f713fa42b33f4 -> 
  custom:video-decoder-webm-vp8: 9c59270c3fd7afecdb556c50c9e8de78 -> 
  custom:audio-decoder-ogg-vorbis: bf7c407c2cedff20999df2af8eb42d56 -> 
  custom:audio-encoder-webm-vorbis: bf7c407c2cedff20999df2af8eb42d56 -> 
========================================================================
Received Import Request.
  Time since last request: 16.132817 seconds.
  path: Assets/ML-Agents/TestScenes/TestCompressedGrid/TestGridCompressed.unity
  artifactKey: Guid(c6482e6ab5ed04a7abd50c44565f6250) Importer(815301076,1909f56bfc062723c751e8b465ee728b)
Start importing Assets/ML-Agents/TestScenes/TestCompressedGrid/TestGridCompressed.unity using Guid(c6482e6ab5ed04a7abd50c44565f6250) Importer(815301076,1909f56bfc062723c751e8b465ee728b)  -> (artifact id: '9d8b6a77c4c08536e7a1262107d3b758') in 0.061746 seconds 
  Import took 0.144770 seconds .

========================================================================
Received Import Request.
  Time since last request: 4.378895 seconds.
  path: Assets/ML-Agents/TestScenes/TestCompressedTexture/Texture.png
  artifactKey: Guid(eeba1f6a35c72450894cf4f4cb516004) Importer(815301076,1909f56bfc062723c751e8b465ee728b)
Start importing Assets/ML-Agents/TestScenes/TestCompressedTexture/Texture.png using Guid(eeba1f6a35c72450894cf4f4cb516004) Importer(815301076,1909f56bfc062723c751e8b465ee728b)  -> (artifact id: '01979de4ad63a3d7332baa5cf1c54ec9') in 0.438781 seconds 
  Import took 0.472046 seconds .

========================================================================
Received Import Request.
  Time since last request: 0.829241 seconds.
  path: Assets/ML-Agents/TestScenes/TestCompressedTexture/TestTextureCompressed.unity
  artifactKey: Guid(bf09dea4d49cd471bb220b4dd4e0711a) Importer(815301076,1909f56bfc062723c751e8b465ee728b)
Start importing Assets/ML-Agents/TestScenes/TestCompressedTexture/TestTextureCompressed.unity using Guid(bf09dea4d49cd471bb220b4dd4e0711a) Importer(815301076,1909f56bfc062723c751e8b465ee728b)  -> (artifact id: 'b0afccedabe78b8020b493e6081c0612') in 0.006868 seconds 
  Import took 0.033436 seconds .

========================================================================
Received Import Request.
  Time since last request: 5.244396 seconds.
  path: Assets/ML-Agents/Timers/3DBallHard_timers.json
  artifactKey: Guid(3cb36d2bed92a1444870441398e393e9) Importer(815301076,1909f56bfc062723c751e8b465ee728b)
Start importing Assets/ML-Agents/Timers/3DBallHard_timers.json using Guid(3cb36d2bed92a1444870441398e393e9) Importer(815301076,1909f56bfc062723c751e8b465ee728b)  -> (artifact id: '4aa52752a17d420cb627ee415af0f82e') in 0.051887 seconds 
  Import took 0.068681 seconds .

========================================================================
Received Import Request.
  Time since last request: 408.135143 seconds.
  path: Assets/ML-Agents/Examples/Test00
  artifactKey: Guid(28861936ddff13249a60165457264d50) Importer(815301076,1909f56bfc062723c751e8b465ee728b)
Start importing Assets/ML-Agents/Examples/Test00 using Guid(28861936ddff13249a60165457264d50) Importer(815301076,1909f56bfc062723c751e8b465ee728b)  -> (artifact id: '6ef7adf08976e6011ad2cfcf2ef0bf52') in 0.073394 seconds 
  Import took 0.124602 seconds .

========================================================================
Received Import Request.
  Time since last request: 15.999886 seconds.
  path: Assets/ML-Agents/Examples/Test00/Gtest.unity
  artifactKey: Guid(fdb82c857a5509543815e611fc64888f) Importer(815301076,1909f56bfc062723c751e8b465ee728b)
Start importing Assets/ML-Agents/Examples/Test00/Gtest.unity using Guid(fdb82c857a5509543815e611fc64888f) Importer(815301076,1909f56bfc062723c751e8b465ee728b)  -> (artifact id: '6620b6fc937af8bd0b7b110bfe7ef95d') in 0.012609 seconds 
  Import took 0.080407 seconds .

========================================================================
Received Import Request.
  Time since last request: 844.092148 seconds.
  path: Assets/ML-Agents/Examples/Test00/RollerAgent.cs
  artifactKey: Guid(305026ca27c06cf449717559c94a37bc) Importer(815301076,1909f56bfc062723c751e8b465ee728b)
Start importing Assets/ML-Agents/Examples/Test00/RollerAgent.cs using Guid(305026ca27c06cf449717559c94a37bc) Importer(815301076,1909f56bfc062723c751e8b465ee728b)  -> (artifact id: '98f144220f21041dbc0ca85ca7af150d') in 0.015288 seconds 
  Import took 0.053107 seconds .

========================================================================
Received Prepare
Registering precompiled user dll's ...
Registered in 0.019320 seconds.
Begin MonoManager ReloadAssembly
Native extension for WindowsStandalone target not found
Refreshing native plugins compatible for Editor in 1.20 ms, found 3 plugins.
Preloading 0 native plugins for Editor in 0.00 ms.
Mono: successfully reloaded assembly
- Completed reload, in  3.072 seconds
Domain Reload Profiling:
	ReloadAssembly (3073ms)
		BeginReloadAssembly (905ms)
			ExecutionOrderSort (0ms)
			DisableScriptedObjects (16ms)
			BackupInstance (0ms)
			ReleaseScriptingObjects (0ms)
			CreateAndSetChildDomain (197ms)
		EndReloadAssembly (2005ms)
			LoadAssemblies (646ms)
			RebuildTransferFunctionScriptingTraits (0ms)
			SetupTypeCache (559ms)
			ReleaseScriptCaches (1ms)
			RebuildScriptCaches (82ms)
			SetupLoadedEditorAssemblies (863ms)
				LogAssemblyErrors (0ms)
				InitializePlatformSupportModulesInManaged (10ms)
				SetLoadedEditorAssemblies (1ms)
				RefreshPlugins (1ms)
				BeforeProcessingInitializeOnLoad (197ms)
				ProcessInitializeOnLoadAttributes (617ms)
				ProcessInitializeOnLoadMethodAttributes (14ms)
				AfterProcessingInitializeOnLoad (23ms)
				EditorAssembliesLoaded (0ms)
			ExecutionOrderSort2 (0ms)
			AwakeInstancesAfterBackupRestoration (13ms)
Platform modules already initialized, skipping
Refreshing native plugins compatible for Editor in 1.90 ms, found 3 plugins.
Preloading 0 native plugins for Editor in 0.00 ms.
Unloading 2521 Unused Serialized files (Serialized files now loaded: 0)
System memory in use before: 115.9 MB.
System memory in use after: 116.2 MB.

Unloading 29 unused Assets to reduce memory usage. Loaded Objects now: 3023.
Total: 9.901400 ms (FindLiveObjects: 0.533800 ms CreateObjectMapping: 0.276700 ms MarkObjects: 8.344300 ms  DeleteObjects: 0.131800 ms)

AssetImportParameters requested are different than current active one (requested -> active):
  custom:framework-win-MediaFoundation: 216162199b28c13a410421893ffa2e32 -> 
  custom:video-decoder-ogg-theora: a1e56fd34408186e4bbccfd4996cb3dc -> 
  custom:container-muxer-webm: aa71ff27fc2769a1b78a27578f13a17b -> 
  custom:container-demuxer-webm: 4f35f7cbe854078d1ac9338744f61a02 -> 
  custom:container-demuxer-ogg: 62fdf1f143b41e24485cea50d1cbac27 -> 
  custom:video-encoder-webm-vp8: eb34c28f22e8b96e1ab97ce403110664 -> 
  custom:video-codec-MediaFoundation-h265: 746d11721c4dcdbdad8f713fa42b33f4 -> 
  custom:video-decoder-webm-vp8: 9c59270c3fd7afecdb556c50c9e8de78 -> 
  custom:audio-decoder-ogg-vorbis: bf7c407c2cedff20999df2af8eb42d56 -> 
  custom:audio-encoder-webm-vorbis: bf7c407c2cedff20999df2af8eb42d56 -> 
========================================================================
Received Prepare
Registering precompiled user dll's ...
Registered in 0.016837 seconds.
Begin MonoManager ReloadAssembly
Native extension for WindowsStandalone target not found
Refreshing native plugins compatible for Editor in 0.88 ms, found 3 plugins.
Preloading 0 native plugins for Editor in 0.00 ms.
Mono: successfully reloaded assembly
- Completed reload, in  1.843 seconds
Domain Reload Profiling:
	ReloadAssembly (1844ms)
		BeginReloadAssembly (205ms)
			ExecutionOrderSort (0ms)
			DisableScriptedObjects (7ms)
			BackupInstance (0ms)
			ReleaseScriptingObjects (0ms)
			CreateAndSetChildDomain (49ms)
		EndReloadAssembly (1545ms)
			LoadAssemblies (203ms)
			RebuildTransferFunctionScriptingTraits (0ms)
			SetupTypeCache (462ms)
			ReleaseScriptCaches (1ms)
			RebuildScriptCaches (64ms)
			SetupLoadedEditorAssemblies (709ms)
				LogAssemblyErrors (0ms)
				InitializePlatformSupportModulesInManaged (7ms)
				SetLoadedEditorAssemblies (1ms)
				RefreshPlugins (1ms)
				BeforeProcessingInitializeOnLoad (173ms)
				ProcessInitializeOnLoadAttributes (489ms)
				ProcessInitializeOnLoadMethodAttributes (13ms)
				AfterProcessingInitializeOnLoad (24ms)
				EditorAssembliesLoaded (0ms)
			ExecutionOrderSort2 (0ms)
			AwakeInstancesAfterBackupRestoration (8ms)
Platform modules already initialized, skipping
Refreshing native plugins compatible for Editor in 0.73 ms, found 3 plugins.
Preloading 0 native plugins for Editor in 0.00 ms.
Unloading 2521 Unused Serialized files (Serialized files now loaded: 0)
System memory in use before: 116.0 MB.
System memory in use after: 116.2 MB.

Unloading 29 unused Assets to reduce memory usage. Loaded Objects now: 3026.
Total: 6.033100 ms (FindLiveObjects: 0.387700 ms CreateObjectMapping: 0.179200 ms MarkObjects: 5.423600 ms  DeleteObjects: 0.041200 ms)

AssetImportParameters requested are different than current active one (requested -> active):
  custom:framework-win-MediaFoundation: 216162199b28c13a410421893ffa2e32 -> 
  custom:video-decoder-ogg-theora: a1e56fd34408186e4bbccfd4996cb3dc -> 
  custom:container-muxer-webm: aa71ff27fc2769a1b78a27578f13a17b -> 
  custom:container-demuxer-webm: 4f35f7cbe854078d1ac9338744f61a02 -> 
  custom:container-demuxer-ogg: 62fdf1f143b41e24485cea50d1cbac27 -> 
  custom:video-encoder-webm-vp8: eb34c28f22e8b96e1ab97ce403110664 -> 
  custom:video-codec-MediaFoundation-h265: 746d11721c4dcdbdad8f713fa42b33f4 -> 
  custom:video-decoder-webm-vp8: 9c59270c3fd7afecdb556c50c9e8de78 -> 
  custom:audio-decoder-ogg-vorbis: bf7c407c2cedff20999df2af8eb42d56 -> 
  custom:audio-encoder-webm-vorbis: bf7c407c2cedff20999df2af8eb42d56 -> 
========================================================================
Received Import Request.
  Time since last request: 325.540235 seconds.
  path: Assets/ML-Agents/Examples/Test00/RollerAgent.cs
  artifactKey: Guid(305026ca27c06cf449717559c94a37bc) Importer(815301076,1909f56bfc062723c751e8b465ee728b)
Start importing Assets/ML-Agents/Examples/Test00/RollerAgent.cs using Guid(305026ca27c06cf449717559c94a37bc) Importer(815301076,1909f56bfc062723c751e8b465ee728b)  -> (artifact id: 'f0f4eeb941dcb2aba3ec5fc5d58a2d6e') in 0.009418 seconds 
  Import took 0.016385 seconds .

========================================================================
Received Import Request.
  Time since last request: 3.596464 seconds.
  path: Assets/ML-Agents/Examples/PushBlock/Scripts/PushAgentCollab.cs
  artifactKey: Guid(d94a85eca2e074578943301959c555ba) Importer(815301076,1909f56bfc062723c751e8b465ee728b)
Start importing Assets/ML-Agents/Examples/PushBlock/Scripts/PushAgentCollab.cs using Guid(d94a85eca2e074578943301959c555ba) Importer(815301076,1909f56bfc062723c751e8b465ee728b)  -> (artifact id: '419a84810f96fcee135fcd2a2c3ef2a8') in 0.008599 seconds 
  Import took 0.051544 seconds .

========================================================================
Received Import Request.
  Time since last request: 1.575653 seconds.
  path: Assets/ML-Agents/Examples/PushBlock/Scripts/PushAgentBasic.cs
  artifactKey: Guid(dea8c4f2604b947e6b7b97750dde87ca) Importer(815301076,1909f56bfc062723c751e8b465ee728b)
Start importing Assets/ML-Agents/Examples/PushBlock/Scripts/PushAgentBasic.cs using Guid(dea8c4f2604b947e6b7b97750dde87ca) Importer(815301076,1909f56bfc062723c751e8b465ee728b)  -> (artifact id: '6875cb3f5fc4e56eaf8599238be68481') in 0.011945 seconds 
  Import took 0.022801 seconds .

========================================================================
Received Import Request.
  Time since last request: 1.504180 seconds.
  path: Assets/ML-Agents/Examples/PushBlock/Scripts/PushBlockEnvController.cs
  artifactKey: Guid(4bb2bb36bb51d452ab58d30a868dfab3) Importer(815301076,1909f56bfc062723c751e8b465ee728b)
Start importing Assets/ML-Agents/Examples/PushBlock/Scripts/PushBlockEnvController.cs using Guid(4bb2bb36bb51d452ab58d30a868dfab3) Importer(815301076,1909f56bfc062723c751e8b465ee728b)  -> (artifact id: '7251f806ce9b3c12d6e72a0aa7e4d0d9') in 0.007453 seconds 
  Import took 0.104879 seconds .

========================================================================
Received Import Request.
  Time since last request: 0.772438 seconds.
  path: Assets/ML-Agents/Examples/PushBlock/Scripts/PushBlockSettings.cs
  artifactKey: Guid(e5ed63dbfa25542ecb8bc013adfba183) Importer(815301076,1909f56bfc062723c751e8b465ee728b)
Start importing Assets/ML-Agents/Examples/PushBlock/Scripts/PushBlockSettings.cs using Guid(e5ed63dbfa25542ecb8bc013adfba183) Importer(815301076,1909f56bfc062723c751e8b465ee728b)  -> (artifact id: '7ac11c6bfcfd4bbdd25448b7d6447ac7') in 0.014236 seconds 
  Import took 0.037416 seconds .

